<?xml version="1.0" encoding="UTF-8"?>
<testng-results ignored="0" total="1" passed="1" failed="0" skipped="0">
  <reporter-output>
  </reporter-output>
  <suite started-at="2023-01-18T13:35:53 CST" name="Default suite" finished-at="2023-01-18T13:35:57 CST" duration-ms="3720">
    <groups>
    </groups>
    <test started-at="2023-01-18T13:35:53 CST" name="Default test" finished-at="2023-01-18T13:35:57 CST" duration-ms="3720">
      <class name="restassured.DeleteReq">
        <test-method signature="testCase_Delete()[pri:0, instance:restassured.DeleteReq@4d02f94e]" started-at="2023-01-18T13:35:53 CST" name="testCase_Delete" finished-at="2023-01-18T13:35:57 CST" duration-ms="3663" status="PASS">
          <reporter-output>
          </reporter-output>
        </test-method> <!-- testCase_Delete -->
      </class> <!-- restassured.DeleteReq -->
    </test> <!-- Default test -->
  </suite> <!-- Default suite -->
</testng-results>
